{"/Users/fredrik/Documents/brink/src/components/Body2/component.tsx": {"path":"/Users/fredrik/Documents/brink/src/components/Body2/component.tsx","statementMap":{"0":{"start":{"line":1,"column":0},"end":{"line":1,"column":26}},"1":{"start":{"line":2,"column":0},"end":{"line":2,"column":34}},"2":{"start":{"line":3,"column":0},"end":{"line":3,"column":59}},"3":{"start":{"line":11,"column":13},"end":{"line":22,"column":2}},"4":{"start":{"line":12,"column":2},"end":{"line":12,"column":10}},"5":{"start":{"line":13,"column":2},"end":{"line":13,"column":11}},"6":{"start":{"line":14,"column":2},"end":{"line":14,"column":8}},"7":{"start":{"line":16,"column":16},"end":{"line":20,"column":4}},"8":{"start":{"line":21,"column":2},"end":{"line":21,"column":47}}},"fnMap":{"0":{"name":"(anonymous_1)","decl":{"start":{"line":11,"column":54},"end":{"line":11,"column":55}},"loc":{"start":{"line":15,"column":1},"end":{"line":22,"column":1}}}},"branchMap":{"0":{"loc":{"start":{"line":19,"column":25},"end":{"line":19,"column":32}},"type":"cond-expr","locations":[{"start":{"line":19,"column":25},"end":{"line":19,"column":32}},{"start":{"line":19,"column":35},"end":{"line":19,"column":44}}]}},"s":{"0":1,"1":1,"2":1,"3":1,"4":13,"5":13,"6":13,"7":13,"8":13},"f":{"0":13},"b":{"0":[1,12]}}
,"/Users/fredrik/Documents/brink/src/components/Body2/styles.ts": {"path":"/Users/fredrik/Documents/brink/src/components/Body2/styles.ts","statementMap":{"0":{"start":{"line":2,"column":0},"end":{"line":2,"column":52}},"1":{"start":{"line":4,"column":13},"end":{"line":12,"column":2}}},"fnMap":{},"branchMap":{},"s":{"0":1,"1":1},"f":{},"b":{}}
,"/Users/fredrik/Documents/brink/src/components/Button/component.tsx": {"path":"/Users/fredrik/Documents/brink/src/components/Button/component.tsx","statementMap":{"0":{"start":{"line":1,"column":0},"end":{"line":1,"column":26}},"1":{"start":{"line":2,"column":0},"end":{"line":2,"column":34}},"2":{"start":{"line":4,"column":13},"end":{"line":6,"column":2}},"3":{"start":{"line":4,"column":50},"end":{"line":4,"column":58}},"4":{"start":{"line":5,"column":2},"end":{"line":5,"column":52}}},"fnMap":{"0":{"name":"(anonymous_1)","decl":{"start":{"line":4,"column":47},"end":{"line":4,"column":48}},"loc":{"start":{"line":4,"column":60},"end":{"line":6,"column":1}}}},"branchMap":{},"s":{"0":1,"1":1,"2":1,"3":7,"4":7},"f":{"0":7},"b":{}}
,"/Users/fredrik/Documents/brink/src/components/Button/styles.ts": {"path":"/Users/fredrik/Documents/brink/src/components/Button/styles.ts","statementMap":{"0":{"start":{"line":1,"column":0},"end":{"line":1,"column":52}},"1":{"start":{"line":4,"column":13},"end":{"line":18,"column":2}}},"fnMap":{},"branchMap":{},"s":{"0":1,"1":1},"f":{},"b":{}}
,"/Users/fredrik/Documents/brink/src/components/CenterContainer/component.tsx": {"path":"/Users/fredrik/Documents/brink/src/components/CenterContainer/component.tsx","statementMap":{"0":{"start":{"line":1,"column":0},"end":{"line":1,"column":26}},"1":{"start":{"line":2,"column":0},"end":{"line":2,"column":34}},"2":{"start":{"line":4,"column":13},"end":{"line":6,"column":2}},"3":{"start":{"line":4,"column":59},"end":{"line":4,"column":67}},"4":{"start":{"line":5,"column":2},"end":{"line":5,"column":46}}},"fnMap":{"0":{"name":"(anonymous_1)","decl":{"start":{"line":4,"column":56},"end":{"line":4,"column":57}},"loc":{"start":{"line":4,"column":69},"end":{"line":6,"column":1}}}},"branchMap":{},"s":{"0":1,"1":1,"2":1,"3":7,"4":7},"f":{"0":7},"b":{}}
,"/Users/fredrik/Documents/brink/src/components/CenterContainer/index.ts": {"path":"/Users/fredrik/Documents/brink/src/components/CenterContainer/index.ts","statementMap":{"0":{"start":{"line":1,"column":0},"end":{"line":1,"column":28}},"1":{"start":{"line":2,"column":0},"end":{"line":2,"column":25}}},"fnMap":{},"branchMap":{},"s":{"0":9,"1":9},"f":{},"b":{}}
,"/Users/fredrik/Documents/brink/src/components/CenterContainer/styles.ts": {"path":"/Users/fredrik/Documents/brink/src/components/CenterContainer/styles.ts","statementMap":{"0":{"start":{"line":1,"column":13},"end":{"line":5,"column":2}}},"fnMap":{},"branchMap":{},"s":{"0":1},"f":{},"b":{}}
,"/Users/fredrik/Documents/brink/src/components/DivContainer/component.tsx": {"path":"/Users/fredrik/Documents/brink/src/components/DivContainer/component.tsx","statementMap":{"0":{"start":{"line":1,"column":0},"end":{"line":1,"column":26}},"1":{"start":{"line":2,"column":0},"end":{"line":2,"column":34}},"2":{"start":{"line":3,"column":0},"end":{"line":3,"column":59}},"3":{"start":{"line":10,"column":13},"end":{"line":21,"column":2}},"4":{"start":{"line":11,"column":2},"end":{"line":11,"column":10}},"5":{"start":{"line":12,"column":2},"end":{"line":12,"column":8}},"6":{"start":{"line":13,"column":2},"end":{"line":13,"column":16}},"7":{"start":{"line":15,"column":16},"end":{"line":19,"column":4}},"8":{"start":{"line":20,"column":2},"end":{"line":20,"column":45}}},"fnMap":{"0":{"name":"(anonymous_1)","decl":{"start":{"line":10,"column":61},"end":{"line":10,"column":62}},"loc":{"start":{"line":14,"column":1},"end":{"line":21,"column":1}}}},"branchMap":{"0":{"loc":{"start":{"line":18,"column":30},"end":{"line":18,"column":36}},"type":"cond-expr","locations":[{"start":{"line":18,"column":30},"end":{"line":18,"column":36}},{"start":{"line":18,"column":39},"end":{"line":18,"column":48}}]}},"s":{"0":1,"1":1,"2":1,"3":1,"4":11,"5":11,"6":11,"7":11,"8":11},"f":{"0":11},"b":{"0":[1,10]}}
,"/Users/fredrik/Documents/brink/src/components/DivContainer/styles.ts": {"path":"/Users/fredrik/Documents/brink/src/components/DivContainer/styles.ts","statementMap":{"0":{"start":{"line":1,"column":13},"end":{"line":1,"column":25}}},"fnMap":{},"branchMap":{},"s":{"0":2},"f":{},"b":{}}
,"/Users/fredrik/Documents/brink/src/components/Headline3/component.tsx": {"path":"/Users/fredrik/Documents/brink/src/components/Headline3/component.tsx","statementMap":{"0":{"start":{"line":1,"column":0},"end":{"line":1,"column":26}},"1":{"start":{"line":2,"column":0},"end":{"line":2,"column":34}},"2":{"start":{"line":4,"column":0},"end":{"line":4,"column":59}},"3":{"start":{"line":11,"column":13},"end":{"line":18,"column":2}},"4":{"start":{"line":12,"column":2},"end":{"line":12,"column":10}},"5":{"start":{"line":13,"column":2},"end":{"line":13,"column":11}},"6":{"start":{"line":14,"column":2},"end":{"line":14,"column":8}},"7":{"start":{"line":16,"column":16},"end":{"line":16,"column":58}},"8":{"start":{"line":17,"column":2},"end":{"line":17,"column":43}}},"fnMap":{"0":{"name":"(anonymous_1)","decl":{"start":{"line":11,"column":58},"end":{"line":11,"column":59}},"loc":{"start":{"line":15,"column":1},"end":{"line":18,"column":1}}}},"branchMap":{},"s":{"0":1,"1":1,"2":1,"3":1,"4":13,"5":13,"6":13,"7":13,"8":13},"f":{"0":13},"b":{}}
,"/Users/fredrik/Documents/brink/src/components/Headline3/styles.ts": {"path":"/Users/fredrik/Documents/brink/src/components/Headline3/styles.ts","statementMap":{"0":{"start":{"line":2,"column":0},"end":{"line":2,"column":52}},"1":{"start":{"line":4,"column":13},"end":{"line":12,"column":2}}},"fnMap":{},"branchMap":{},"s":{"0":1,"1":1},"f":{},"b":{}}
,"/Users/fredrik/Documents/brink/src/components/Page/component.tsx": {"path":"/Users/fredrik/Documents/brink/src/components/Page/component.tsx","statementMap":{"0":{"start":{"line":1,"column":0},"end":{"line":1,"column":26}},"1":{"start":{"line":3,"column":0},"end":{"line":3,"column":46}},"2":{"start":{"line":4,"column":0},"end":{"line":4,"column":64}},"3":{"start":{"line":5,"column":0},"end":{"line":5,"column":59}},"4":{"start":{"line":12,"column":13},"end":{"line":25,"column":2}},"5":{"start":{"line":13,"column":2},"end":{"line":13,"column":10}},"6":{"start":{"line":14,"column":2},"end":{"line":14,"column":10}},"7":{"start":{"line":15,"column":2},"end":{"line":15,"column":17}},"8":{"start":{"line":17,"column":16},"end":{"line":17,"column":68}},"9":{"start":{"line":18,"column":2},"end":{"line":24,"column":4}},"10":{"start":{"line":27,"column":13},"end":{"line":27,"column":50}}},"fnMap":{"0":{"name":"(anonymous_1)","decl":{"start":{"line":12,"column":66},"end":{"line":12,"column":67}},"loc":{"start":{"line":16,"column":1},"end":{"line":25,"column":1}}}},"branchMap":{},"s":{"0":1,"1":1,"2":1,"3":1,"4":1,"5":7,"6":7,"7":7,"8":7,"9":7,"10":1},"f":{"0":7},"b":{}}
,"/Users/fredrik/Documents/brink/src/components/Page/styles.ts": {"path":"/Users/fredrik/Documents/brink/src/components/Page/styles.ts","statementMap":{"0":{"start":{"line":1,"column":0},"end":{"line":1,"column":52}},"1":{"start":{"line":3,"column":13},"end":{"line":6,"column":2}},"2":{"start":{"line":8,"column":13},"end":{"line":10,"column":2}}},"fnMap":{},"branchMap":{},"s":{"0":1,"1":1,"2":1},"f":{},"b":{}}
,"/Users/fredrik/Documents/brink/src/components/Paper/component.tsx": {"path":"/Users/fredrik/Documents/brink/src/components/Paper/component.tsx","statementMap":{"0":{"start":{"line":1,"column":0},"end":{"line":1,"column":26}},"1":{"start":{"line":2,"column":0},"end":{"line":2,"column":34}},"2":{"start":{"line":3,"column":0},"end":{"line":3,"column":59}},"3":{"start":{"line":11,"column":13},"end":{"line":23,"column":2}},"4":{"start":{"line":12,"column":2},"end":{"line":12,"column":10}},"5":{"start":{"line":13,"column":2},"end":{"line":13,"column":10}},"6":{"start":{"line":14,"column":2},"end":{"line":14,"column":8}},"7":{"start":{"line":15,"column":2},"end":{"line":15,"column":8}},"8":{"start":{"line":17,"column":16},"end":{"line":21,"column":4}},"9":{"start":{"line":22,"column":2},"end":{"line":22,"column":45}}},"fnMap":{"0":{"name":"(anonymous_1)","decl":{"start":{"line":11,"column":54},"end":{"line":11,"column":55}},"loc":{"start":{"line":16,"column":1},"end":{"line":23,"column":1}}}},"branchMap":{},"s":{"0":1,"1":1,"2":1,"3":1,"4":10,"5":10,"6":10,"7":10,"8":10,"9":10},"f":{"0":10},"b":{}}
,"/Users/fredrik/Documents/brink/src/components/Paper/styles.ts": {"path":"/Users/fredrik/Documents/brink/src/components/Paper/styles.ts","statementMap":{"0":{"start":{"line":1,"column":13},"end":{"line":4,"column":2}}},"fnMap":{},"branchMap":{},"s":{"0":1},"f":{},"b":{}}
,"/Users/fredrik/Documents/brink/src/components/SubmitInput/component.tsx": {"path":"/Users/fredrik/Documents/brink/src/components/SubmitInput/component.tsx","statementMap":{"0":{"start":{"line":1,"column":0},"end":{"line":1,"column":26}},"1":{"start":{"line":2,"column":0},"end":{"line":2,"column":34}},"2":{"start":{"line":4,"column":13},"end":{"line":6,"column":2}},"3":{"start":{"line":5,"column":2},"end":{"line":5,"column":48}}},"fnMap":{"0":{"name":"(anonymous_1)","decl":{"start":{"line":4,"column":52},"end":{"line":4,"column":null}},"loc":{"start":{"line":4,"column":52},"end":{"line":6,"column":1}}}},"branchMap":{},"s":{"0":1,"1":1,"2":1,"3":4},"f":{"0":4},"b":{}}
,"/Users/fredrik/Documents/brink/src/components/TextInput/component.tsx": {"path":"/Users/fredrik/Documents/brink/src/components/TextInput/component.tsx","statementMap":{"0":{"start":{"line":1,"column":0},"end":{"line":1,"column":26}},"1":{"start":{"line":2,"column":0},"end":{"line":2,"column":64}},"2":{"start":{"line":3,"column":0},"end":{"line":3,"column":67}},"3":{"start":{"line":4,"column":0},"end":{"line":4,"column":45}},"4":{"start":{"line":16,"column":13},"end":{"line":42,"column":2}},"5":{"start":{"line":17,"column":2},"end":{"line":17,"column":10}},"6":{"start":{"line":18,"column":2},"end":{"line":18,"column":6}},"7":{"start":{"line":19,"column":2},"end":{"line":19,"column":9}},"8":{"start":{"line":20,"column":2},"end":{"line":20,"column":11}},"9":{"start":{"line":21,"column":2},"end":{"line":21,"column":12}},"10":{"start":{"line":23,"column":8},"end":{"line":23,"column":9}},"11":{"start":{"line":23,"column":9},"end":{"line":23,"column":14}},"12":{"start":{"line":23,"column":16},"end":{"line":23,"column":44}},"13":{"start":{"line":24,"column":30},"end":{"line":24,"column":74}},"14":{"start":{"line":25,"column":19},"end":{"line":28,"column":3}},"15":{"start":{"line":26,"column":4},"end":{"line":26,"column":39}},"16":{"start":{"line":27,"column":4},"end":{"line":27,"column":35}},"17":{"start":{"line":30,"column":2},"end":{"line":41,"column":4}},"18":{"start":{"line":44,"column":13},"end":{"line":44,"column":60}}},"fnMap":{"0":{"name":"(anonymous_3)","decl":{"start":{"line":16,"column":67},"end":{"line":16,"column":68}},"loc":{"start":{"line":22,"column":1},"end":{"line":42,"column":1}}},"1":{"name":"(anonymous_4)","decl":{"start":{"line":25,"column":19},"end":{"line":25,"column":20}},"loc":{"start":{"line":25,"column":26},"end":{"line":28,"column":3}}}},"branchMap":{"0":{"loc":{"start":{"line":24,"column":31},"end":{"line":24,"column":40}},"type":"binary-expr","locations":[{"start":{"line":24,"column":31},"end":{"line":24,"column":40}},{"start":{"line":24,"column":44},"end":{"line":24,"column":65}},{"start":{"line":24,"column":70},"end":{"line":24,"column":74}}]},"1":{"loc":{"start":{"line":33,"column":33},"end":{"line":33,"column":64}},"type":"cond-expr","locations":[{"start":{"line":33,"column":33},"end":{"line":33,"column":64}},{"start":{"line":33,"column":66},"end":{"line":33,"column":72}}]},"2":{"loc":{"start":{"line":33,"column":15},"end":{"line":33,"column":22}},"type":"binary-expr","locations":[{"start":{"line":33,"column":15},"end":{"line":33,"column":22}},{"start":{"line":33,"column":26},"end":{"line":33,"column":31}}]},"3":{"loc":{"start":{"line":37,"column":8},"end":{"line":37,"column":15}},"type":"binary-expr","locations":[{"start":{"line":37,"column":8},"end":{"line":37,"column":15}},{"start":{"line":37,"column":19},"end":{"line":37,"column":24}},{"start":{"line":38,"column":8},"end":{"line":38,"column":66}}]},"4":{"loc":{"start":{"line":38,"column":42},"end":{"line":38,"column":49}},"type":"binary-expr","locations":[{"start":{"line":38,"column":42},"end":{"line":38,"column":49}},{"start":{"line":38,"column":53},"end":{"line":38,"column":58}}]}},"s":{"0":1,"1":1,"2":1,"3":1,"4":1,"5":4,"6":4,"7":4,"8":4,"9":4,"10":4,"11":4,"12":4,"13":4,"14":4,"15":0,"16":0,"17":4,"18":1},"f":{"0":4,"1":0},"b":{"0":[4,0,4],"1":[0,4],"2":[4,4],"3":[4,4,0],"4":[0,0]}}
,"/Users/fredrik/Documents/brink/src/configs/colors/colors.ts": {"path":"/Users/fredrik/Documents/brink/src/configs/colors/colors.ts","statementMap":{"0":{"start":{"line":1,"column":0},"end":{"line":1,"column":null}},"1":{"start":{"line":2,"column":2},"end":{"line":2,"column":null}},"2":{"start":{"line":3,"column":2},"end":{"line":3,"column":null}},"3":{"start":{"line":4,"column":2},"end":{"line":4,"column":null}},"4":{"start":{"line":5,"column":2},"end":{"line":5,"column":null}}},"fnMap":{"0":{"name":"(anonymous_0)","decl":{"start":{"line":1,"column":0},"end":{"line":1,"column":12}},"loc":{"start":{"line":1,"column":17},"end":{"line":6,"column":1}}}},"branchMap":{"0":{"loc":{"start":{"line":1,"column":12},"end":{"line":1,"column":17}},"type":"binary-expr","locations":[{"start":{"line":1,"column":12},"end":{"line":1,"column":17}},{"start":{"line":1,"column":12},"end":{"line":1,"column":null}}]}},"s":{"0":4,"1":4,"2":4,"3":4,"4":4},"f":{"0":4},"b":{"0":[4,4]}}
,"/Users/fredrik/Documents/brink/src/libs/tests/baseTests.ts": {"path":"/Users/fredrik/Documents/brink/src/libs/tests/baseTests.ts","statementMap":{"0":{"start":{"line":1,"column":0},"end":{"line":1,"column":33}},"1":{"start":{"line":4,"column":13},"end":{"line":39,"column":2}},"2":{"start":{"line":8,"column":2},"end":{"line":38,"column":5}},"3":{"start":{"line":9,"column":4},"end":{"line":12,"column":7}},"4":{"start":{"line":10,"column":6},"end":{"line":10,"column":38}},"5":{"start":{"line":11,"column":6},"end":{"line":11,"column":39}},"6":{"start":{"line":14,"column":4},"end":{"line":17,"column":7}},"7":{"start":{"line":15,"column":22},"end":{"line":15,"column":40}},"8":{"start":{"line":16,"column":6},"end":{"line":16,"column":50}},"9":{"start":{"line":19,"column":4},"end":{"line":23,"column":7}},"10":{"start":{"line":20,"column":22},"end":{"line":20,"column":40}},"11":{"start":{"line":21,"column":6},"end":{"line":21,"column":47}},"12":{"start":{"line":22,"column":6},"end":{"line":22,"column":43}},"13":{"start":{"line":25,"column":4},"end":{"line":30,"column":7}},"14":{"start":{"line":26,"column":6},"end":{"line":26,"column":53}},"15":{"start":{"line":26,"column":46},"end":{"line":26,"column":53}},"16":{"start":{"line":28,"column":22},"end":{"line":28,"column":40}},"17":{"start":{"line":29,"column":6},"end":{"line":29,"column":56}},"18":{"start":{"line":32,"column":4},"end":{"line":37,"column":7}},"19":{"start":{"line":33,"column":22},"end":{"line":33,"column":40}},"20":{"start":{"line":34,"column":6},"end":{"line":34,"column":48}},"21":{"start":{"line":35,"column":6},"end":{"line":35,"column":23}},"22":{"start":{"line":36,"column":6},"end":{"line":36,"column":64}}},"fnMap":{"0":{"name":"(anonymous_0)","decl":{"start":{"line":4,"column":25},"end":{"line":4,"column":null}},"loc":{"start":{"line":6,"column":27},"end":{"line":39,"column":1}}},"1":{"name":"(anonymous_1)","decl":{"start":{"line":8,"column":24},"end":{"line":8,"column":null}},"loc":{"start":{"line":8,"column":24},"end":{"line":38,"column":3}}},"2":{"name":"(anonymous_2)","decl":{"start":{"line":9,"column":21},"end":{"line":9,"column":null}},"loc":{"start":{"line":9,"column":21},"end":{"line":12,"column":5}}},"3":{"name":"(anonymous_3)","decl":{"start":{"line":14,"column":32},"end":{"line":14,"column":null}},"loc":{"start":{"line":14,"column":32},"end":{"line":17,"column":5}}},"4":{"name":"(anonymous_4)","decl":{"start":{"line":19,"column":64},"end":{"line":19,"column":null}},"loc":{"start":{"line":19,"column":64},"end":{"line":23,"column":5}}},"5":{"name":"(anonymous_5)","decl":{"start":{"line":25,"column":84},"end":{"line":25,"column":null}},"loc":{"start":{"line":25,"column":84},"end":{"line":30,"column":5}}},"6":{"name":"(anonymous_6)","decl":{"start":{"line":32,"column":43},"end":{"line":32,"column":null}},"loc":{"start":{"line":32,"column":43},"end":{"line":37,"column":5}}}},"branchMap":{"0":{"loc":{"start":{"line":26,"column":6},"end":{"line":26,"column":53}},"type":"if","locations":[{"start":{"line":26,"column":6},"end":{"line":26,"column":53}},{"start":{"line":26,"column":6},"end":{"line":26,"column":53}}]}},"s":{"0":9,"1":9,"2":9,"3":9,"4":9,"5":9,"6":9,"7":9,"8":9,"9":9,"10":9,"11":9,"12":9,"13":9,"14":9,"15":3,"16":6,"17":6,"18":9,"19":9,"20":9,"21":9,"22":9},"f":{"0":9,"1":9,"2":9,"3":9,"4":9,"5":9,"6":9},"b":{"0":[3,6]}}
,"/Users/fredrik/Documents/brink/src/libs/tests/childrenTest.tsx": {"path":"/Users/fredrik/Documents/brink/src/libs/tests/childrenTest.tsx","statementMap":{"0":{"start":{"line":2,"column":0},"end":{"line":2,"column":33}},"1":{"start":{"line":4,"column":13},"end":{"line":19,"column":2}},"2":{"start":{"line":5,"column":2},"end":{"line":18,"column":5}},"3":{"start":{"line":6,"column":4},"end":{"line":17,"column":7}},"4":{"start":{"line":7,"column":22},"end":{"line":7,"column":40}},"5":{"start":{"line":8,"column":6},"end":{"line":10,"column":9}},"6":{"start":{"line":11,"column":6},"end":{"line":11,"column":23}},"7":{"start":{"line":12,"column":6},"end":{"line":16,"column":27}},"8":{"start":{"line":14,"column":10},"end":{"line":14,"column":42}}},"fnMap":{"0":{"name":"(anonymous_0)","decl":{"start":{"line":4,"column":29},"end":{"line":4,"column":30}},"loc":{"start":{"line":4,"column":59},"end":{"line":19,"column":1}}},"1":{"name":"(anonymous_1)","decl":{"start":{"line":5,"column":28},"end":{"line":5,"column":null}},"loc":{"start":{"line":5,"column":28},"end":{"line":18,"column":3}}},"2":{"name":"(anonymous_2)","decl":{"start":{"line":6,"column":40},"end":{"line":6,"column":null}},"loc":{"start":{"line":6,"column":40},"end":{"line":17,"column":5}}},"3":{"name":"(anonymous_3)","decl":{"start":{"line":13,"column":26},"end":{"line":13,"column":30}},"loc":{"start":{"line":13,"column":30},"end":{"line":15,"column":9}}}},"branchMap":{},"s":{"0":7,"1":7,"2":7,"3":7,"4":7,"5":7,"6":7,"7":7,"8":15},"f":{"0":7,"1":7,"2":7,"3":15},"b":{}}
,"/Users/fredrik/Documents/brink/src/libs/tests/marginTests.tsx": {"path":"/Users/fredrik/Documents/brink/src/libs/tests/marginTests.tsx","statementMap":{"0":{"start":{"line":2,"column":0},"end":{"line":2,"column":33}},"1":{"start":{"line":5,"column":13},"end":{"line":23,"column":2}},"2":{"start":{"line":9,"column":2},"end":{"line":22,"column":5}},"3":{"start":{"line":10,"column":4},"end":{"line":15,"column":7}},"4":{"start":{"line":11,"column":22},"end":{"line":11,"column":40}},"5":{"start":{"line":12,"column":6},"end":{"line":12,"column":46}},"6":{"start":{"line":13,"column":6},"end":{"line":13,"column":23}},"7":{"start":{"line":14,"column":6},"end":{"line":14,"column":78}},"8":{"start":{"line":17,"column":4},"end":{"line":21,"column":7}},"9":{"start":{"line":18,"column":22},"end":{"line":18,"column":40}},"10":{"start":{"line":19,"column":6},"end":{"line":19,"column":40}},"11":{"start":{"line":20,"column":6},"end":{"line":20,"column":52}}},"fnMap":{"0":{"name":"(anonymous_2)","decl":{"start":{"line":5,"column":27},"end":{"line":5,"column":null}},"loc":{"start":{"line":7,"column":23},"end":{"line":23,"column":1}}},"1":{"name":"(anonymous_3)","decl":{"start":{"line":9,"column":26},"end":{"line":9,"column":null}},"loc":{"start":{"line":9,"column":26},"end":{"line":22,"column":3}}},"2":{"name":"(anonymous_4)","decl":{"start":{"line":10,"column":32},"end":{"line":10,"column":null}},"loc":{"start":{"line":10,"column":32},"end":{"line":15,"column":5}}},"3":{"name":"(anonymous_5)","decl":{"start":{"line":17,"column":54},"end":{"line":17,"column":null}},"loc":{"start":{"line":17,"column":54},"end":{"line":21,"column":5}}}},"branchMap":{},"s":{"0":4,"1":4,"2":4,"3":4,"4":4,"5":4,"6":4,"7":4,"8":4,"9":4,"10":4,"11":4},"f":{"0":4,"1":4,"2":4,"3":4},"b":{}}
,"/Users/fredrik/Documents/brink/src/libs/tests/textAlignTests.tsx": {"path":"/Users/fredrik/Documents/brink/src/libs/tests/textAlignTests.tsx","statementMap":{"0":{"start":{"line":2,"column":0},"end":{"line":2,"column":33}},"1":{"start":{"line":5,"column":13},"end":{"line":23,"column":2}},"2":{"start":{"line":9,"column":2},"end":{"line":22,"column":5}},"3":{"start":{"line":10,"column":4},"end":{"line":15,"column":7}},"4":{"start":{"line":11,"column":22},"end":{"line":11,"column":40}},"5":{"start":{"line":12,"column":6},"end":{"line":12,"column":48}},"6":{"start":{"line":13,"column":6},"end":{"line":13,"column":23}},"7":{"start":{"line":14,"column":6},"end":{"line":14,"column":80}},"8":{"start":{"line":17,"column":4},"end":{"line":21,"column":7}},"9":{"start":{"line":18,"column":22},"end":{"line":18,"column":40}},"10":{"start":{"line":19,"column":6},"end":{"line":19,"column":43}},"11":{"start":{"line":20,"column":6},"end":{"line":20,"column":52}}},"fnMap":{"0":{"name":"(anonymous_2)","decl":{"start":{"line":5,"column":30},"end":{"line":5,"column":null}},"loc":{"start":{"line":7,"column":23},"end":{"line":23,"column":1}}},"1":{"name":"(anonymous_3)","decl":{"start":{"line":9,"column":29},"end":{"line":9,"column":null}},"loc":{"start":{"line":9,"column":29},"end":{"line":22,"column":3}}},"2":{"name":"(anonymous_4)","decl":{"start":{"line":10,"column":35},"end":{"line":10,"column":null}},"loc":{"start":{"line":10,"column":35},"end":{"line":15,"column":5}}},"3":{"name":"(anonymous_5)","decl":{"start":{"line":17,"column":55},"end":{"line":17,"column":null}},"loc":{"start":{"line":17,"column":55},"end":{"line":21,"column":5}}}},"branchMap":{},"s":{"0":1,"1":1,"2":1,"3":1,"4":1,"5":1,"6":1,"7":1,"8":1,"9":1,"10":1,"11":1},"f":{"0":1,"1":1,"2":1,"3":1},"b":{}}
}
