TN:
SF:/Users/fredrik/Documents/brink/src/components/Body2/component.tsx
FN:11,(anonymous_1)
FNF:1
FNH:1
FNDA:13,(anonymous_1)
DA:1,1
DA:2,1
DA:3,1
DA:11,1
DA:12,13
DA:13,13
DA:14,13
DA:16,13
DA:21,13
LF:9
LH:9
BRDA:19,0,0,1
BRDA:19,0,1,12
BRF:2
BRH:2
end_of_record
TN:
SF:/Users/fredrik/Documents/brink/src/components/Body2/styles.ts
FNF:0
FNH:0
DA:2,1
DA:4,1
LF:2
LH:2
BRF:0
BRH:0
end_of_record
TN:
SF:/Users/fredrik/Documents/brink/src/components/Button/component.tsx
FN:4,(anonymous_1)
FNF:1
FNH:1
FNDA:7,(anonymous_1)
DA:1,1
DA:2,1
DA:4,7
DA:5,7
LF:4
LH:4
BRF:0
BRH:0
end_of_record
TN:
SF:/Users/fredrik/Documents/brink/src/components/Button/styles.ts
FNF:0
FNH:0
DA:1,1
DA:4,1
LF:2
LH:2
BRF:0
BRH:0
end_of_record
TN:
SF:/Users/fredrik/Documents/brink/src/components/CenterContainer/component.tsx
FN:4,(anonymous_1)
FNF:1
FNH:1
FNDA:7,(anonymous_1)
DA:1,1
DA:2,1
DA:4,7
DA:5,7
LF:4
LH:4
BRF:0
BRH:0
end_of_record
TN:
SF:/Users/fredrik/Documents/brink/src/components/CenterContainer/index.ts
FNF:0
FNH:0
DA:1,9
DA:2,9
LF:2
LH:2
BRF:0
BRH:0
end_of_record
TN:
SF:/Users/fredrik/Documents/brink/src/components/CenterContainer/styles.ts
FNF:0
FNH:0
DA:1,1
LF:1
LH:1
BRF:0
BRH:0
end_of_record
TN:
SF:/Users/fredrik/Documents/brink/src/components/DivContainer/component.tsx
FN:10,(anonymous_1)
FNF:1
FNH:1
FNDA:11,(anonymous_1)
DA:1,1
DA:2,1
DA:3,1
DA:10,1
DA:11,11
DA:12,11
DA:13,11
DA:15,11
DA:20,11
LF:9
LH:9
BRDA:18,0,0,1
BRDA:18,0,1,10
BRF:2
BRH:2
end_of_record
TN:
SF:/Users/fredrik/Documents/brink/src/components/DivContainer/styles.ts
FNF:0
FNH:0
DA:1,2
LF:1
LH:1
BRF:0
BRH:0
end_of_record
TN:
SF:/Users/fredrik/Documents/brink/src/components/Headline3/component.tsx
FN:11,(anonymous_1)
FNF:1
FNH:1
FNDA:13,(anonymous_1)
DA:1,1
DA:2,1
DA:4,1
DA:11,1
DA:12,13
DA:13,13
DA:14,13
DA:16,13
DA:17,13
LF:9
LH:9
BRF:0
BRH:0
end_of_record
TN:
SF:/Users/fredrik/Documents/brink/src/components/Headline3/styles.ts
FNF:0
FNH:0
DA:2,1
DA:4,1
LF:2
LH:2
BRF:0
BRH:0
end_of_record
TN:
SF:/Users/fredrik/Documents/brink/src/components/Page/component.tsx
FN:12,(anonymous_1)
FNF:1
FNH:1
FNDA:7,(anonymous_1)
DA:1,1
DA:3,1
DA:4,1
DA:5,1
DA:12,1
DA:13,7
DA:14,7
DA:15,7
DA:17,7
DA:18,7
DA:27,1
LF:11
LH:11
BRF:0
BRH:0
end_of_record
TN:
SF:/Users/fredrik/Documents/brink/src/components/Page/styles.ts
FNF:0
FNH:0
DA:1,1
DA:3,1
DA:8,1
LF:3
LH:3
BRF:0
BRH:0
end_of_record
TN:
SF:/Users/fredrik/Documents/brink/src/components/Paper/component.tsx
FN:11,(anonymous_1)
FNF:1
FNH:1
FNDA:10,(anonymous_1)
DA:1,1
DA:2,1
DA:3,1
DA:11,1
DA:12,10
DA:13,10
DA:14,10
DA:15,10
DA:17,10
DA:22,10
LF:10
LH:10
BRF:0
BRH:0
end_of_record
TN:
SF:/Users/fredrik/Documents/brink/src/components/Paper/styles.ts
FNF:0
FNH:0
DA:1,1
LF:1
LH:1
BRF:0
BRH:0
end_of_record
TN:
SF:/Users/fredrik/Documents/brink/src/components/SubmitInput/component.tsx
FN:4,(anonymous_1)
FNF:1
FNH:1
FNDA:4,(anonymous_1)
DA:1,1
DA:2,1
DA:4,1
DA:5,4
LF:4
LH:4
BRF:0
BRH:0
end_of_record
TN:
SF:/Users/fredrik/Documents/brink/src/components/TextInput/component.tsx
FN:16,(anonymous_3)
FN:25,(anonymous_4)
FNF:2
FNH:1
FNDA:4,(anonymous_3)
FNDA:0,(anonymous_4)
DA:1,1
DA:2,1
DA:3,1
DA:4,1
DA:16,1
DA:17,4
DA:18,4
DA:19,4
DA:20,4
DA:21,4
DA:23,4
DA:24,4
DA:25,4
DA:26,0
DA:27,0
DA:30,4
DA:44,1
LF:17
LH:15
BRDA:24,0,0,4
BRDA:24,0,1,0
BRDA:24,0,2,4
BRDA:33,1,0,0
BRDA:33,1,1,4
BRDA:33,2,0,4
BRDA:33,2,1,4
BRDA:37,3,0,4
BRDA:37,3,1,4
BRDA:37,3,2,0
BRDA:38,4,0,0
BRDA:38,4,1,0
BRF:12
BRH:7
end_of_record
TN:
SF:/Users/fredrik/Documents/brink/src/configs/colors/colors.ts
FN:1,(anonymous_0)
FNF:1
FNH:1
FNDA:4,(anonymous_0)
DA:1,4
DA:2,4
DA:3,4
DA:4,4
DA:5,4
LF:5
LH:5
BRDA:1,0,0,4
BRDA:1,0,1,4
BRF:2
BRH:2
end_of_record
TN:
SF:/Users/fredrik/Documents/brink/src/libs/tests/baseTests.ts
FN:4,(anonymous_0)
FN:8,(anonymous_1)
FN:9,(anonymous_2)
FN:14,(anonymous_3)
FN:19,(anonymous_4)
FN:25,(anonymous_5)
FN:32,(anonymous_6)
FNF:7
FNH:7
FNDA:9,(anonymous_0)
FNDA:9,(anonymous_1)
FNDA:9,(anonymous_2)
FNDA:9,(anonymous_3)
FNDA:9,(anonymous_4)
FNDA:9,(anonymous_5)
FNDA:9,(anonymous_6)
DA:1,9
DA:4,9
DA:8,9
DA:9,9
DA:10,9
DA:11,9
DA:14,9
DA:15,9
DA:16,9
DA:19,9
DA:20,9
DA:21,9
DA:22,9
DA:25,9
DA:26,9
DA:28,6
DA:29,6
DA:32,9
DA:33,9
DA:34,9
DA:35,9
DA:36,9
LF:22
LH:22
BRDA:26,0,0,3
BRDA:26,0,1,6
BRF:2
BRH:2
end_of_record
TN:
SF:/Users/fredrik/Documents/brink/src/libs/tests/childrenTest.tsx
FN:4,(anonymous_0)
FN:5,(anonymous_1)
FN:6,(anonymous_2)
FN:13,(anonymous_3)
FNF:4
FNH:4
FNDA:7,(anonymous_0)
FNDA:7,(anonymous_1)
FNDA:7,(anonymous_2)
FNDA:15,(anonymous_3)
DA:2,7
DA:4,7
DA:5,7
DA:6,7
DA:7,7
DA:8,7
DA:11,7
DA:12,7
DA:14,15
LF:9
LH:9
BRF:0
BRH:0
end_of_record
TN:
SF:/Users/fredrik/Documents/brink/src/libs/tests/marginTests.tsx
FN:5,(anonymous_2)
FN:9,(anonymous_3)
FN:10,(anonymous_4)
FN:17,(anonymous_5)
FNF:4
FNH:4
FNDA:4,(anonymous_2)
FNDA:4,(anonymous_3)
FNDA:4,(anonymous_4)
FNDA:4,(anonymous_5)
DA:2,4
DA:5,4
DA:9,4
DA:10,4
DA:11,4
DA:12,4
DA:13,4
DA:14,4
DA:17,4
DA:18,4
DA:19,4
DA:20,4
LF:12
LH:12
BRF:0
BRH:0
end_of_record
TN:
SF:/Users/fredrik/Documents/brink/src/libs/tests/textAlignTests.tsx
FN:5,(anonymous_2)
FN:9,(anonymous_3)
FN:10,(anonymous_4)
FN:17,(anonymous_5)
FNF:4
FNH:4
FNDA:1,(anonymous_2)
FNDA:1,(anonymous_3)
FNDA:1,(anonymous_4)
FNDA:1,(anonymous_5)
DA:2,1
DA:5,1
DA:9,1
DA:10,1
DA:11,1
DA:12,1
DA:13,1
DA:14,1
DA:17,1
DA:18,1
DA:19,1
DA:20,1
LF:12
LH:12
BRF:0
BRH:0
end_of_record
